2025-09-30 23:35:53,767 - WARNING - MySQL module not available - install mysql-connector-python
2025-09-30 23:35:53,771 - WARNING - SQL Server module not available - install pyodbc
2025-09-30 23:35:53,783 - WARNING - Database restore module not available - install pyodbc
2025-09-30 23:35:53,785 - WARNING - Table creation module not available - missing dependencies
2025-09-30 23:35:53,788 - WARNING - Show tables module not available - missing dependencies
2025-09-30 23:35:53,792 - WARNING - Data migration module not available - missing dependencies
2025-09-30 23:35:53,793 - WARNING - Test connection module not available - missing dependencies
2025-09-30 23:36:00,980 - WARNING - MySQL module not available - install mysql-connector-python
2025-09-30 23:36:00,981 - WARNING - SQL Server module not available - install pyodbc
2025-09-30 23:36:00,982 - WARNING - Database restore module not available - install pyodbc
2025-09-30 23:36:00,982 - WARNING - Table creation module not available - missing dependencies
2025-09-30 23:36:00,982 - WARNING - Show tables module not available - missing dependencies
2025-09-30 23:36:00,984 - WARNING - Data migration module not available - missing dependencies
2025-09-30 23:36:00,984 - WARNING - Test connection module not available - missing dependencies
2025-09-30 23:36:27,670 - WARNING - MySQL module not available - install mysql-connector-python
2025-09-30 23:36:27,671 - WARNING - SQL Server module not available - install pyodbc
2025-09-30 23:36:27,671 - WARNING - Database restore module not available - install pyodbc
2025-09-30 23:36:27,672 - WARNING - Table creation module not available - missing dependencies
2025-09-30 23:36:27,673 - WARNING - Show tables module not available - missing dependencies
2025-09-30 23:36:27,673 - WARNING - Data migration module not available - missing dependencies
2025-09-30 23:36:27,674 - WARNING - Test connection module not available - missing dependencies
